<?xml version="1.0" encoding="UTF-8"?>
<!-- Generated by org.testng.reporters.JUnitReportReporter -->
<testsuite hostname="LIN24011145" failures="0" tests="3" name="sadiqueshaikhautomation.SubmitOrderTest" time="110.153" errors="0" timestamp="2023-08-30T18:30:32 IST" skipped="0">
  <testcase classname="sadiqueshaikhautomation.SubmitOrderTest" name="submitOrder" time="44.513"/>
  <testcase classname="sadiqueshaikhautomation.SubmitOrderTest" name="OrderHistory" time="7.656"/>
  <testcase classname="sadiqueshaikhautomation.SubmitOrderTest" name="submitOrder" time="57.984"/>
</testsuite> <!-- sadiqueshaikhautomation.SubmitOrderTest -->
