<?xml version="1.0" encoding="UTF-8"?>
<!-- Generated by org.testng.reporters.JUnitReportReporter -->
<testsuite hostname="LIN24011145" failures="0" tests="1" name="cucumber.TestNGTestRunner" time="9.500" errors="0" timestamp="2023-09-04T11:00:24 IST" skipped="0">
  <testcase classname="cucumber.TestNGTestRunner" name="runScenario" time="9.500"/>
</testsuite> <!-- cucumber.TestNGTestRunner -->
