<?xml version="1.0" encoding="UTF-8"?>
<!-- Generated by org.testng.reporters.JUnitReportReporter -->
<testsuite hostname="LIN24011145" failures="0" tests="1" name="sadiqueshaikhautomation.SubmitOrder" time="32.047" errors="0" timestamp="2023-08-21T17:28:18 IST" skipped="0">
  <testcase classname="sadiqueshaikhautomation.SubmitOrder" name="submitOrder" time="32.047"/>
</testsuite> <!-- sadiqueshaikhautomation.SubmitOrder -->
